[debug] [2021-04-13T12:22:36.678Z] ----------------------------------------------------------------------
[debug] [2021-04-13T12:22:36.681Z] Command:       C:\Program Files\nodejs\node.exe C:\Users\SananKhilji\AppData\Roaming\npm\node_modules\firebase-tools\lib\bin\firebase.js init
[debug] [2021-04-13T12:22:36.682Z] CLI Version:   9.9.0
[debug] [2021-04-13T12:22:36.682Z] Platform:      win32
[debug] [2021-04-13T12:22:36.682Z] Node Version:  v14.16.0
[debug] [2021-04-13T12:22:36.683Z] Time:          Tue Apr 13 2021 05:22:36 GMT-0700 (Pacific Daylight Time)
[debug] [2021-04-13T12:22:36.684Z] ----------------------------------------------------------------------
[debug] 
[debug] [2021-04-13T12:22:36.693Z] > command requires scopes: ["email","openid","https://www.googleapis.com/auth/cloudplatformprojects.readonly","https://www.googleapis.com/auth/firebase","https://www.googleapis.com/auth/cloud-platform"]
[debug] [2021-04-13T12:22:36.693Z] > authorizing via signed-in user (sananqadeer29@gmail.com)
[info] 
     ######## #### ########  ######## ########     ###     ######  ########
     ##        ##  ##     ## ##       ##     ##  ##   ##  ##       ##
     ######    ##  ########  ######   ########  #########  ######  ######
     ##        ##  ##    ##  ##       ##     ## ##     ##       ## ##
     ##       #### ##     ## ######## ########  ##     ##  ######  ########

You're about to initialize a Firebase project in this directory:

  D:\ReactJS\Tinder\firstapp

[info] 
=== Project Setup
[info] 
[info] First, let's associate this project directory with a Firebase project.
[info] You can create multiple project aliases by running firebase use --add, 
[info] but for now we'll just set up a default project.
[info] 
[debug] [2021-04-13T12:23:25.276Z] > refreshing access token with scopes: []
[debug] [2021-04-13T12:23:25.277Z] >>> HTTP REQUEST POST https://www.googleapis.com/oauth2/v3/token  
 <request body omitted>
[debug] [2021-04-13T12:23:27.560Z] <<< HTTP RESPONSE 200 {"pragma":"no-cache","cache-control":"no-cache, no-store, max-age=0, must-revalidate","expires":"Mon, 01 Jan 1990 00:00:00 GMT","date":"Tue, 13 Apr 2021 12:23:26 GMT","content-type":"application/json; charset=utf-8","vary":"X-Origin, Referer, Origin,Accept-Encoding","server":"scaffolding on HTTPServer2","x-xss-protection":"0","x-frame-options":"SAMEORIGIN","x-content-type-options":"nosniff","alt-svc":"h3-29=\":443\"; ma=2592000,h3-T051=\":443\"; ma=2592000,h3-Q050=\":443\"; ma=2592000,h3-Q046=\":443\"; ma=2592000,h3-Q043=\":443\"; ma=2592000,quic=\":443\"; ma=2592000; v=\"46,43\"","accept-ranges":"none","transfer-encoding":"chunked"}
[debug] [2021-04-13T12:23:27.583Z] >>> [apiv2][query] GET https://firebase.googleapis.com/v1beta1/projects pageSize=100
[debug] [2021-04-13T12:23:28.674Z] <<< [apiv2][status] GET https://firebase.googleapis.com/v1beta1/projects 200
[debug] [2021-04-13T12:23:28.675Z] <<< [apiv2][body] GET https://firebase.googleapis.com/v1beta1/projects [omitted]
[debug] [2021-04-13T12:27:00.772Z] ----------------------------------------------------------------------
[debug] [2021-04-13T12:27:00.776Z] Command:       C:\Program Files\nodejs\node.exe C:\Users\SananKhilji\AppData\Roaming\npm\node_modules\firebase-tools\lib\bin\firebase.js init
[debug] [2021-04-13T12:27:00.776Z] CLI Version:   9.9.0
[debug] [2021-04-13T12:27:00.776Z] Platform:      win32
[debug] [2021-04-13T12:27:00.776Z] Node Version:  v14.16.0
[debug] [2021-04-13T12:27:00.778Z] Time:          Tue Apr 13 2021 05:27:00 GMT-0700 (Pacific Daylight Time)
[debug] [2021-04-13T12:27:00.778Z] ----------------------------------------------------------------------
[debug] 
[debug] [2021-04-13T12:27:00.787Z] > command requires scopes: ["email","openid","https://www.googleapis.com/auth/cloudplatformprojects.readonly","https://www.googleapis.com/auth/firebase","https://www.googleapis.com/auth/cloud-platform"]
[debug] [2021-04-13T12:27:00.787Z] > authorizing via signed-in user (sananqadeer29@gmail.com)
[info] 
     ######## #### ########  ######## ########     ###     ######  ########
     ##        ##  ##     ## ##       ##     ##  ##   ##  ##       ##
     ######    ##  ########  ######   ########  #########  ######  ######
     ##        ##  ##    ##  ##       ##     ## ##     ##       ## ##
     ##       #### ##     ## ######## ########  ##     ##  ######  ########

You're about to initialize a Firebase project in this directory:

  D:\ReactJS\Tinder\firstapp

[info] 
=== Project Setup
[info] 
[info] First, let's associate this project directory with a Firebase project.
[info] You can create multiple project aliases by running firebase use --add, 
[info] but for now we'll just set up a default project.
[info] 
[debug] [2021-04-13T12:27:11.290Z] >>> [apiv2][query] GET https://firebase.googleapis.com/v1beta1/projects pageSize=100
[debug] [2021-04-13T12:27:13.204Z] <<< [apiv2][status] GET https://firebase.googleapis.com/v1beta1/projects 200
[debug] [2021-04-13T12:27:13.204Z] <<< [apiv2][body] GET https://firebase.googleapis.com/v1beta1/projects [omitted]
[info] i  Using project tinder-clone-6acca (tinder-clone) 
[info] 
=== Hosting Setup
[info] 
[info] Your public directory is the folder (relative to your project directory) that
[info] will contain Hosting assets to be uploaded with firebase deploy. If you
[info] have a build process for your assets, use your build's output directory.
[info] 
[debug] [2021-04-13T12:28:00.471Z] >>> [apiv2][query] GET https://www.gstatic.com/firebasejs/releases.json [none]
[debug] [2021-04-13T12:28:00.798Z] <<< [apiv2][status] GET https://www.gstatic.com/firebasejs/releases.json 200
[debug] [2021-04-13T12:28:00.799Z] <<< [apiv2][body] GET https://www.gstatic.com/firebasejs/releases.json {"current":{"version":"8.4.1","browserURL":"https://www.gstatic.com/firebasejs/8.4.1/firebase.js","packageURL":"https://www.gstatic.com/firebasejs/8.4.1/firebase.tgz"},"live":{"version":"8.4","browserURL":"https://www.gstatic.com/firebasejs/live/8.4/firebase.js","packageURL":"https://www.gstatic.com/firebasejs/live/8.4/firebase.tgz"},"components":{"analytics":"https://www.gstatic.com/firebasejs/8.4.1/firebase-analytics.js","app":"https://www.gstatic.com/firebasejs/8.4.1/firebase-app.js","auth":"https://www.gstatic.com/firebasejs/8.4.1/firebase-auth.js","database":"https://www.gstatic.com/firebasejs/8.4.1/firebase-database.js","firestore":"https://www.gstatic.com/firebasejs/8.4.1/firebase-firestore.js","functions":"https://www.gstatic.com/firebasejs/8.4.1/firebase-functions.js","installations":"https://www.gstatic.com/firebasejs/8.4.1/firebase-installations.js","messaging":"https://www.gstatic.com/firebasejs/8.4.1/firebase-messaging.js","storage":"https://www.gstatic.com/firebasejs/8.4.1/firebase-storage.js","performance":"https://www.gstatic.com/firebasejs/8.4.1/firebase-performance.js","remote-config":"https://www.gstatic.com/firebasejs/8.4.1/firebase-remote-config.js","firestore.memory":"https://www.gstatic.com/firebasejs/8.4.1/firebase-firestore.memory.js"}}
[info] +  Wrote build/index.html 
[info] 
[info] i  Didn't detect a .git folder. Assuming D:\ReactJS\Tinder\firstapp is the project root. 
[info] i  Authorizing with GitHub to upload your service account to a GitHub repository's secrets store. 
[info] 
[info] Visit this URL on this device to log in:
[info] https://github.com/login/oauth/authorize?client_id=89cf50f02ac6aaed3484&state=874809336&redirect_uri=http%3A%2F%2Flocalhost%3A9005&scope=read%3Auser%20repo%20public_repo
[info] 
[info] Waiting for authentication...
[debug] [2021-04-13T12:28:22.649Z] >>> HTTP REQUEST POST https://github.com/login/oauth/access_token  
 {"client_id":"89cf50f02ac6aaed3484","client_secret":"3330d14abc895d9a74d5f17cd7a00711fa2c5bf0","code":"0f715874666b99b70710","redirect_uri":"http://localhost:9005","state":"874809336"}
[debug] [2021-04-13T12:28:23.109Z] <<< HTTP RESPONSE 200 {"server":"GitHub.com","date":"Tue, 13 Apr 2021 12:28:23 GMT","content-type":"application/json; charset=utf-8","transfer-encoding":"chunked","vary":"X-PJAX, Accept-Encoding, Accept, X-Requested-With","etag":"W/\"c9b00ac7d5e7a32d12bd1e52cb191266\"","cache-control":"max-age=0, private, must-revalidate","strict-transport-security":"max-age=31536000; includeSubdomains; preload","x-frame-options":"deny","x-content-type-options":"nosniff","x-xss-protection":"0","referrer-policy":"origin-when-cross-origin, strict-origin-when-cross-origin","expect-ct":"max-age=2592000, report-uri=\"https://api.github.com/_private/browser/errors\"","content-security-policy":"default-src 'none'; base-uri 'self'; block-all-mixed-content; connect-src 'self' uploads.github.com www.githubstatus.com collector.githubapp.com api.github.com github-cloud.s3.amazonaws.com github-production-repository-file-5c1aeb.s3.amazonaws.com github-production-upload-manifest-file-7fdce7.s3.amazonaws.com github-production-user-asset-6210df.s3.amazonaws.com cdn.optimizely.com logx.optimizely.com/v1/events wss://alive.github.com; font-src github.githubassets.com; form-action 'self' github.com gist.github.com; frame-ancestors 'none'; frame-src render.githubusercontent.com; img-src 'self' data: github.githubassets.com identicons.github.com collector.githubapp.com github-cloud.s3.amazonaws.com secured-user-images.githubusercontent.com/ *.githubusercontent.com; manifest-src 'self'; media-src 'none'; script-src github.githubassets.com; style-src 'unsafe-inline' github.githubassets.com; worker-src github.com/socket-worker-3f088aa2.js gist.github.com/socket-worker-3f088aa2.js","x-github-request-id":"770D:1AF4:125DA6:17BBCB:60758E67"}
[debug] [2021-04-13T12:28:23.114Z] >>> [apiv2][query] GET https://api.github.com/user [none]
[debug] [2021-04-13T12:28:23.609Z] <<< [apiv2][status] GET https://api.github.com/user 200
[debug] [2021-04-13T12:28:23.609Z] <<< [apiv2][body] GET https://api.github.com/user {"login":"SananKhilji","id":58366655,"node_id":"MDQ6VXNlcjU4MzY2NjU1","avatar_url":"https://avatars.githubusercontent.com/u/58366655?v=4","gravatar_id":"","url":"https://api.github.com/users/SananKhilji","html_url":"https://github.com/SananKhilji","followers_url":"https://api.github.com/users/SananKhilji/followers","following_url":"https://api.github.com/users/SananKhilji/following{/other_user}","gists_url":"https://api.github.com/users/SananKhilji/gists{/gist_id}","starred_url":"https://api.github.com/users/SananKhilji/starred{/owner}{/repo}","subscriptions_url":"https://api.github.com/users/SananKhilji/subscriptions","organizations_url":"https://api.github.com/users/SananKhilji/orgs","repos_url":"https://api.github.com/users/SananKhilji/repos","events_url":"https://api.github.com/users/SananKhilji/events{/privacy}","received_events_url":"https://api.github.com/users/SananKhilji/received_events","type":"User","site_admin":false,"name":null,"company":null,"blog":"","location":null,"email":null,"hireable":null,"bio":null,"twitter_username":null,"public_repos":1,"public_gists":0,"followers":0,"following":0,"created_at":"2019-11-30T15:16:51Z","updated_at":"2021-04-13T12:28:22Z","private_gists":0,"total_private_repos":0,"owned_private_repos":0,"disk_usage":0,"collaborators":0,"two_factor_authentication":false,"plan":{"name":"free","space":976562499,"collaborators":0,"private_repos":10000}}
[info] 
[info] +  Success! Logged into GitHub as SananKhilji 
[info] 
[debug] [2021-04-13T12:29:31.533Z] >>> [apiv2][query] GET https://api.github.com/repos/user/actions/secrets/public-key type=owner
[debug] [2021-04-13T12:29:31.979Z] <<< [apiv2][status] GET https://api.github.com/repos/user/actions/secrets/public-key 404
[debug] [2021-04-13T12:29:31.979Z] <<< [apiv2][body] GET https://api.github.com/repos/user/actions/secrets/public-key {"message":"Not Found","documentation_url":"https://docs.github.com/rest"}
[debug] [2021-04-13T12:29:46.173Z] >>> [apiv2][query] GET https://api.github.com/repos/respository/actions/secrets/public-key type=owner
[debug] [2021-04-13T12:29:46.589Z] <<< [apiv2][status] GET https://api.github.com/repos/respository/actions/secrets/public-key 404
[debug] [2021-04-13T12:29:46.590Z] <<< [apiv2][body] GET https://api.github.com/repos/respository/actions/secrets/public-key {"message":"Not Found","documentation_url":"https://docs.github.com/rest"}
